c:\users\simon\documents\visual studio 2015\projects\meshviewer\meshviewer\x64\release\vc140.pdb
c:\users\simon\documents\visual studio 2015\projects\meshviewer\meshviewer\x64\release\windowmanager.obj
c:\users\simon\documents\visual studio 2015\projects\meshviewer\meshviewer\x64\release\rotator.obj
c:\users\simon\documents\visual studio 2015\projects\meshviewer\meshviewer\x64\release\mparser.obj
c:\users\simon\documents\visual studio 2015\projects\meshviewer\meshviewer\x64\release\main.obj
c:\users\simon\documents\visual studio 2015\projects\meshviewer\meshviewer\x64\release\glshader.obj
c:\users\simon\documents\visual studio 2015\projects\meshviewer\meshviewer\x64\release\custommesh.obj
c:\users\simon\documents\visual studio 2015\projects\meshviewer\meshviewer\x64\release\cubemesh.obj
c:\users\simon\documents\visual studio 2015\projects\meshviewer\x64\release\meshviewer.exe
c:\users\simon\documents\visual studio 2015\projects\meshviewer\x64\release\meshviewer.ipdb
c:\users\simon\documents\visual studio 2015\projects\meshviewer\x64\release\meshviewer.iobj
c:\users\simon\documents\visual studio 2015\projects\meshviewer\x64\release\meshviewer.pdb
c:\users\simon\documents\visual studio 2015\projects\meshviewer\meshviewer\x64\release\meshviewer.res
c:\users\simon\documents\visual studio 2015\projects\meshviewer\meshviewer\x64\release\meshviewer.tlog\cl.command.1.tlog
c:\users\simon\documents\visual studio 2015\projects\meshviewer\meshviewer\x64\release\meshviewer.tlog\cl.read.1.tlog
c:\users\simon\documents\visual studio 2015\projects\meshviewer\meshviewer\x64\release\meshviewer.tlog\cl.write.1.tlog
c:\users\simon\documents\visual studio 2015\projects\meshviewer\meshviewer\x64\release\meshviewer.tlog\link.command.1.tlog
c:\users\simon\documents\visual studio 2015\projects\meshviewer\meshviewer\x64\release\meshviewer.tlog\link.read.1.tlog
c:\users\simon\documents\visual studio 2015\projects\meshviewer\meshviewer\x64\release\meshviewer.tlog\link.write.1.tlog
c:\users\simon\documents\visual studio 2015\projects\meshviewer\meshviewer\x64\release\meshviewer.tlog\rc.command.1.tlog
c:\users\simon\documents\visual studio 2015\projects\meshviewer\meshviewer\x64\release\meshviewer.tlog\rc.read.1.tlog
c:\users\simon\documents\visual studio 2015\projects\meshviewer\meshviewer\x64\release\meshviewer.tlog\rc.write.1.tlog
